Streaming transaction logs mentioning F4rhSFJ4C2xjp2ZukFRyYzb3GzMc4SyHwyxXLfgEMJfJ. Confirmed commitment
Transaction executed in slot 420483061:
  Signature: DrsCmPCd4KTrDdivHDgFzeuHZ6FpEcMb7G3ezFQjxqLzayXhBpfm1hWpALY48fDMmxGPB81eocszu4v71YEdCfM
  Status: Ok
  Log Messages:
    Program F4rhSFJ4C2xjp2ZukFRyYzb3GzMc4SyHwyxXLfgEMJfJ invoke [1]
    Program log: Instruction: FlipCoin
    Program 11111111111111111111111111111111 invoke [2]
    Program 11111111111111111111111111111111 success
    Program F4rhSFJ4C2xjp2ZukFRyYzb3GzMc4SyHwyxXLfgEMJfJ consumed 5513 of 200000 compute units
    Program F4rhSFJ4C2xjp2ZukFRyYzb3GzMc4SyHwyxXLfgEMJfJ success
Transaction executed in slot 420483063:
  Signature: 5S46xZk8oy3yb5bs4XZdb4CruFAHgMWe5Lvfqy6CxBKaGhVE3Jo743d9nwnCkeMybu54TUaHTcoPGk57tdpzfdMN
  Status: Ok
  Log Messages:
    Program F4rhSFJ4C2xjp2ZukFRyYzb3GzMc4SyHwyxXLfgEMJfJ invoke [1]
    Program log: Instruction: FlipCoin
    Program 11111111111111111111111111111111 invoke [2]
    Program 11111111111111111111111111111111 success
    Program F4rhSFJ4C2xjp2ZukFRyYzb3GzMc4SyHwyxXLfgEMJfJ consumed 5634 of 200000 compute units
    Program F4rhSFJ4C2xjp2ZukFRyYzb3GzMc4SyHwyxXLfgEMJfJ success
